0 info it worked if it ends with ok
1 verbose cli [ '/home/imanol/.nvm/versions/node/v4.3.1/bin/node',
1 verbose cli   '/home/imanol/.nvm/versions/node/v4.3.1/bin/npm',
1 verbose cli   'run',
1 verbose cli   'start' ]
2 info using npm@3.9.5
3 info using node@v4.3.1
4 verbose run-script [ 'prestart', 'start', 'poststart' ]
5 info lifecycle ebeguWeb@0.10.0-SNAPSHOT~prestart: ebeguWeb@0.10.0-SNAPSHOT
6 silly lifecycle ebeguWeb@0.10.0-SNAPSHOT~prestart: no script for prestart, continuing
7 info lifecycle ebeguWeb@0.10.0-SNAPSHOT~start: ebeguWeb@0.10.0-SNAPSHOT
8 verbose lifecycle ebeguWeb@0.10.0-SNAPSHOT~start: unsafe-perm in lifecycle true
9 verbose lifecycle ebeguWeb@0.10.0-SNAPSHOT~start: PATH: /home/imanol/.nvm/versions/node/v4.3.1/lib/node_modules/npm/bin/node-gyp-bin:/home/imanol/projects/ebegu/ebegu-web/node_modules/.bin:/home/imanol/.nvm/versions/node/v4.3.1/bin:/home/imanol/.nvm/versions/node/v4.3.1/bin:/usr/share/apache-maven-3.3.9/bin:/usr/share/apache-maven-3.3.9/bin:/usr/java/jdk1.8.0_73/bin:/usr/local/sbin:/usr/local/bin:/usr/sbin:/usr/bin:/sbin:/bin:/usr/games:/usr/local/games:/snap/bin:/snap/bin
10 verbose lifecycle ebeguWeb@0.10.0-SNAPSHOT~start: CWD: /home/imanol/projects/ebegu/ebegu-web
11 silly lifecycle ebeguWeb@0.10.0-SNAPSHOT~start: Args: [ '-c', 'npm run server:dev' ]
12 silly lifecycle ebeguWeb@0.10.0-SNAPSHOT~start: Returned: code: 1  signal: null
13 info lifecycle ebeguWeb@0.10.0-SNAPSHOT~start: Failed to exec start script
14 verbose stack Error: ebeguWeb@0.10.0-SNAPSHOT start: `npm run server:dev`46546
14 verbose stack Exit status 1
14 verbose stack     at EventEmitter.<anonymoudasds> (/home/imanol/.nvm/versions/node/v4.3.1/lib/node_modules/npm/lib/utils/lifecycle.js:245:16)
14 verbose stack     at emitTwo (events.js:87:13)
14 verbose stack     at EventEmitter.emit (events.js:172:7)
14 verbose stack     at ChildProcess.<anonymous> (/home/imanol/.nvm/versions/node/v4.3.1/lib/node_modules/npm/lib/utils/spawn.js:24:14)
14 verbose stack     at emitTwo (events.js:87:13)
14 verbose stack     at ChildProcess.emit (events.js:172:7)
14 verbose stack     at maybeClose (internal/child_process.js:821:16)
14 verbose stack     at Process.ChildProcess._handle.onexit (internal/child_process.js:211:5)
15 verbose pkgid ebeguWeb@0.10.0-SNAPSHOT
16 verbose cwd /home/imanol/projects/ebegu/ebegu-web
17 error Linux 4.4.0-45-generic
18 error argv "/home/imanol/.nvm/versions/node/v4.3.1/bin/node" "/home/imanol/.nvm/versions/node/v4.3.1/bin/npm" "run" "start"
19 error node v4.3.1
20 error npm  v3.9.5
21 error code ELIFECYCLE
22 error ebeguWeb@0.10.0-SNAPSHOT start: `npm run server:dev`
22 error Exit status 1
23 error Failed at the ebeguWeb@0.10.0-SNAPSHOT start script 'npm run server:dev'.
23 error Make sure you have the latest version of node.js and npm installed.
23 error If you do, this is most likely a problem with the ebeguWeb package,
23 error not with npm itself.
23 error Tell the author that this fails on your system:
23 error     npm run server:dev
23 error You can get information on how to open an issue for this project with:
23 error     npm bugs ebeguWeb
23 error Or if that isn't available, you can get their info via:
23 error     npm owner ls ebeguWeb
23 error There is likely additional logging output above.
24 verbose exit [ 1, true ]
